<?xml version="1.0" encoding="UTF-8"?><testrun name="BalanceSuite" project="recfun" tests="4" started="4" failures="0" errors="4" ignored="0">
  <testsuite name="recfun.BalanceSuite" time="0.43">
    <testcase name="balance: '" classname="if (zero? x" time="0.365">
      <error>java.util.NoSuchElementException: head of empty list&#13;
	at scala.collection.immutable.Nil$.head(List.scala:337)&#13;
	at scala.collection.immutable.Nil$.head(List.scala:334)&#13;
	at recfun.Main$.countOpen$1(Main.scala:61)&#13;
	at recfun.Main$.balance(Main.scala:76)&#13;
	at recfun.BalanceSuite$$anonfun$1.apply$mcV$sp(BalanceSuite.scala:13)&#13;
	at recfun.BalanceSuite$$anonfun$1.apply(BalanceSuite.scala:13)&#13;
	at recfun.BalanceSuite$$anonfun$1.apply(BalanceSuite.scala:13)&#13;
	at org.scalatest.FunSuite$$anon$1.apply(FunSuite.scala:1265)&#13;
	at org.scalatest.Suite$class.withFixture(Suite.scala:1974)&#13;
	at recfun.BalanceSuite.withFixture(BalanceSuite.scala:9)&#13;
	at org.scalatest.FunSuite$class.invokeWithFixture$1(FunSuite.scala:1262)&#13;
	at org.scalatest.FunSuite$$anonfun$runTest$1.apply(FunSuite.scala:1271)&#13;
	at org.scalatest.FunSuite$$anonfun$runTest$1.apply(FunSuite.scala:1271)&#13;
	at org.scalatest.SuperEngine.runTestImpl(Engine.scala:198)&#13;
	at org.scalatest.FunSuite$class.runTest(FunSuite.scala:1271)&#13;
	at recfun.BalanceSuite.runTest(BalanceSuite.scala:9)&#13;
	at org.scalatest.FunSuite$$anonfun$runTests$1.apply(FunSuite.scala:1304)&#13;
	at org.scalatest.FunSuite$$anonfun$runTests$1.apply(FunSuite.scala:1304)&#13;
	at org.scalatest.SuperEngine$$anonfun$org$scalatest$SuperEngine$$runTestsInBranch$1.apply(Engine.scala:260)&#13;
	at org.scalatest.SuperEngine$$anonfun$org$scalatest$SuperEngine$$runTestsInBranch$1.apply(Engine.scala:249)&#13;
	at scala.collection.immutable.List.foreach(List.scala:318)&#13;
	at org.scalatest.SuperEngine.org$scalatest$SuperEngine$$runTestsInBranch(Engine.scala:249)&#13;
	at org.scalatest.SuperEngine.runTestsImpl(Engine.scala:326)&#13;
	at org.scalatest.FunSuite$class.runTests(FunSuite.scala:1304)&#13;
	at recfun.BalanceSuite.runTests(BalanceSuite.scala:9)&#13;
	at org.scalatest.Suite$class.run(Suite.scala:2303)&#13;
	at recfun.BalanceSuite.org$scalatest$FunSuite$$super$run(BalanceSuite.scala:9)&#13;
	at org.scalatest.FunSuite$$anonfun$run$1.apply(FunSuite.scala:1310)&#13;
	at org.scalatest.FunSuite$$anonfun$run$1.apply(FunSuite.scala:1310)&#13;
	at org.scalatest.SuperEngine.runImpl(Engine.scala:362)&#13;
	at org.scalatest.FunSuite$class.run(FunSuite.scala:1310)&#13;
	at recfun.BalanceSuite.run(BalanceSuite.scala:9)&#13;
	at org.scalatest.junit.JUnitRunner.run(JUnitRunner.scala:94)&#13;
	at org.eclipse.jdt.internal.junit4.runner.JUnit4TestReference.run(JUnit4TestReference.java:50)&#13;
	at org.eclipse.jdt.internal.junit.runner.TestExecution.run(TestExecution.java:38)&#13;
	at org.eclipse.jdt.internal.junit.runner.RemoteTestRunner.runTests(RemoteTestRunner.java:467)&#13;
	at org.eclipse.jdt.internal.junit.runner.RemoteTestRunner.runTests(RemoteTestRunner.java:683)&#13;
	at org.eclipse.jdt.internal.junit.runner.RemoteTestRunner.run(RemoteTestRunner.java:390)&#13;
	at org.eclipse.jdt.internal.junit.runner.RemoteTestRunner.main(RemoteTestRunner.java:197)&#13;
&#13;
</error>
    </testcase>
    <testcase name="balance: 'I told him ...' is balanced" classname="recfun.BalanceSuite" time="0.053">
      <error>java.util.NoSuchElementException: head of empty list&#13;
	at scala.collection.immutable.Nil$.head(List.scala:337)&#13;
	at scala.collection.immutable.Nil$.head(List.scala:334)&#13;
	at recfun.Main$.countOpen$1(Main.scala:61)&#13;
	at recfun.Main$.balance(Main.scala:76)&#13;
	at recfun.BalanceSuite$$anonfun$2.apply$mcV$sp(BalanceSuite.scala:17)&#13;
	at recfun.BalanceSuite$$anonfun$2.apply(BalanceSuite.scala:17)&#13;
	at recfun.BalanceSuite$$anonfun$2.apply(BalanceSuite.scala:17)&#13;
	at org.scalatest.FunSuite$$anon$1.apply(FunSuite.scala:1265)&#13;
	at org.scalatest.Suite$class.withFixture(Suite.scala:1974)&#13;
	at recfun.BalanceSuite.withFixture(BalanceSuite.scala:9)&#13;
	at org.scalatest.FunSuite$class.invokeWithFixture$1(FunSuite.scala:1262)&#13;
	at org.scalatest.FunSuite$$anonfun$runTest$1.apply(FunSuite.scala:1271)&#13;
	at org.scalatest.FunSuite$$anonfun$runTest$1.apply(FunSuite.scala:1271)&#13;
	at org.scalatest.SuperEngine.runTestImpl(Engine.scala:198)&#13;
	at org.scalatest.FunSuite$class.runTest(FunSuite.scala:1271)&#13;
	at recfun.BalanceSuite.runTest(BalanceSuite.scala:9)&#13;
	at org.scalatest.FunSuite$$anonfun$runTests$1.apply(FunSuite.scala:1304)&#13;
	at org.scalatest.FunSuite$$anonfun$runTests$1.apply(FunSuite.scala:1304)&#13;
	at org.scalatest.SuperEngine$$anonfun$org$scalatest$SuperEngine$$runTestsInBranch$1.apply(Engine.scala:260)&#13;
	at org.scalatest.SuperEngine$$anonfun$org$scalatest$SuperEngine$$runTestsInBranch$1.apply(Engine.scala:249)&#13;
	at scala.collection.immutable.List.foreach(List.scala:318)&#13;
	at org.scalatest.SuperEngine.org$scalatest$SuperEngine$$runTestsInBranch(Engine.scala:249)&#13;
	at org.scalatest.SuperEngine.runTestsImpl(Engine.scala:326)&#13;
	at org.scalatest.FunSuite$class.runTests(FunSuite.scala:1304)&#13;
	at recfun.BalanceSuite.runTests(BalanceSuite.scala:9)&#13;
	at org.scalatest.Suite$class.run(Suite.scala:2303)&#13;
	at recfun.BalanceSuite.org$scalatest$FunSuite$$super$run(BalanceSuite.scala:9)&#13;
	at org.scalatest.FunSuite$$anonfun$run$1.apply(FunSuite.scala:1310)&#13;
	at org.scalatest.FunSuite$$anonfun$run$1.apply(FunSuite.scala:1310)&#13;
	at org.scalatest.SuperEngine.runImpl(Engine.scala:362)&#13;
	at org.scalatest.FunSuite$class.run(FunSuite.scala:1310)&#13;
	at recfun.BalanceSuite.run(BalanceSuite.scala:9)&#13;
	at org.scalatest.junit.JUnitRunner.run(JUnitRunner.scala:94)&#13;
	at org.eclipse.jdt.internal.junit4.runner.JUnit4TestReference.run(JUnit4TestReference.java:50)&#13;
	at org.eclipse.jdt.internal.junit.runner.TestExecution.run(TestExecution.java:38)&#13;
	at org.eclipse.jdt.internal.junit.runner.RemoteTestRunner.runTests(RemoteTestRunner.java:467)&#13;
	at org.eclipse.jdt.internal.junit.runner.RemoteTestRunner.runTests(RemoteTestRunner.java:683)&#13;
	at org.eclipse.jdt.internal.junit.runner.RemoteTestRunner.run(RemoteTestRunner.java:390)&#13;
	at org.eclipse.jdt.internal.junit.runner.RemoteTestRunner.main(RemoteTestRunner.java:197)&#13;
&#13;
</error>
    </testcase>
    <testcase name="balance: ':-)' is unbalanced" classname="recfun.BalanceSuite" time="0.007">
      <error>java.util.NoSuchElementException: head of empty list&#13;
	at scala.collection.immutable.Nil$.head(List.scala:337)&#13;
	at scala.collection.immutable.Nil$.head(List.scala:334)&#13;
	at recfun.Main$.countOpen$1(Main.scala:61)&#13;
	at recfun.Main$.balance(Main.scala:76)&#13;
	at recfun.BalanceSuite$$anonfun$3.apply$mcV$sp(BalanceSuite.scala:21)&#13;
	at recfun.BalanceSuite$$anonfun$3.apply(BalanceSuite.scala:21)&#13;
	at recfun.BalanceSuite$$anonfun$3.apply(BalanceSuite.scala:21)&#13;
	at org.scalatest.FunSuite$$anon$1.apply(FunSuite.scala:1265)&#13;
	at org.scalatest.Suite$class.withFixture(Suite.scala:1974)&#13;
	at recfun.BalanceSuite.withFixture(BalanceSuite.scala:9)&#13;
	at org.scalatest.FunSuite$class.invokeWithFixture$1(FunSuite.scala:1262)&#13;
	at org.scalatest.FunSuite$$anonfun$runTest$1.apply(FunSuite.scala:1271)&#13;
	at org.scalatest.FunSuite$$anonfun$runTest$1.apply(FunSuite.scala:1271)&#13;
	at org.scalatest.SuperEngine.runTestImpl(Engine.scala:198)&#13;
	at org.scalatest.FunSuite$class.runTest(FunSuite.scala:1271)&#13;
	at recfun.BalanceSuite.runTest(BalanceSuite.scala:9)&#13;
	at org.scalatest.FunSuite$$anonfun$runTests$1.apply(FunSuite.scala:1304)&#13;
	at org.scalatest.FunSuite$$anonfun$runTests$1.apply(FunSuite.scala:1304)&#13;
	at org.scalatest.SuperEngine$$anonfun$org$scalatest$SuperEngine$$runTestsInBranch$1.apply(Engine.scala:260)&#13;
	at org.scalatest.SuperEngine$$anonfun$org$scalatest$SuperEngine$$runTestsInBranch$1.apply(Engine.scala:249)&#13;
	at scala.collection.immutable.List.foreach(List.scala:318)&#13;
	at org.scalatest.SuperEngine.org$scalatest$SuperEngine$$runTestsInBranch(Engine.scala:249)&#13;
	at org.scalatest.SuperEngine.runTestsImpl(Engine.scala:326)&#13;
	at org.scalatest.FunSuite$class.runTests(FunSuite.scala:1304)&#13;
	at recfun.BalanceSuite.runTests(BalanceSuite.scala:9)&#13;
	at org.scalatest.Suite$class.run(Suite.scala:2303)&#13;
	at recfun.BalanceSuite.org$scalatest$FunSuite$$super$run(BalanceSuite.scala:9)&#13;
	at org.scalatest.FunSuite$$anonfun$run$1.apply(FunSuite.scala:1310)&#13;
	at org.scalatest.FunSuite$$anonfun$run$1.apply(FunSuite.scala:1310)&#13;
	at org.scalatest.SuperEngine.runImpl(Engine.scala:362)&#13;
	at org.scalatest.FunSuite$class.run(FunSuite.scala:1310)&#13;
	at recfun.BalanceSuite.run(BalanceSuite.scala:9)&#13;
	at org.scalatest.junit.JUnitRunner.run(JUnitRunner.scala:94)&#13;
	at org.eclipse.jdt.internal.junit4.runner.JUnit4TestReference.run(JUnit4TestReference.java:50)&#13;
	at org.eclipse.jdt.internal.junit.runner.TestExecution.run(TestExecution.java:38)&#13;
	at org.eclipse.jdt.internal.junit.runner.RemoteTestRunner.runTests(RemoteTestRunner.java:467)&#13;
	at org.eclipse.jdt.internal.junit.runner.RemoteTestRunner.runTests(RemoteTestRunner.java:683)&#13;
	at org.eclipse.jdt.internal.junit.runner.RemoteTestRunner.run(RemoteTestRunner.java:390)&#13;
	at org.eclipse.jdt.internal.junit.runner.RemoteTestRunner.main(RemoteTestRunner.java:197)&#13;
&#13;
</error>
    </testcase>
    <testcase name="balance: counting is not enough" classname="recfun.BalanceSuite" time="0.004">
      <error>java.util.NoSuchElementException: head of empty list&#13;
	at scala.collection.immutable.Nil$.head(List.scala:337)&#13;
	at scala.collection.immutable.Nil$.head(List.scala:334)&#13;
	at recfun.Main$.countOpen$1(Main.scala:61)&#13;
	at recfun.Main$.balance(Main.scala:76)&#13;
	at recfun.BalanceSuite$$anonfun$4.apply$mcV$sp(BalanceSuite.scala:25)&#13;
	at recfun.BalanceSuite$$anonfun$4.apply(BalanceSuite.scala:25)&#13;
	at recfun.BalanceSuite$$anonfun$4.apply(BalanceSuite.scala:25)&#13;
	at org.scalatest.FunSuite$$anon$1.apply(FunSuite.scala:1265)&#13;
	at org.scalatest.Suite$class.withFixture(Suite.scala:1974)&#13;
	at recfun.BalanceSuite.withFixture(BalanceSuite.scala:9)&#13;
	at org.scalatest.FunSuite$class.invokeWithFixture$1(FunSuite.scala:1262)&#13;
	at org.scalatest.FunSuite$$anonfun$runTest$1.apply(FunSuite.scala:1271)&#13;
	at org.scalatest.FunSuite$$anonfun$runTest$1.apply(FunSuite.scala:1271)&#13;
	at org.scalatest.SuperEngine.runTestImpl(Engine.scala:198)&#13;
	at org.scalatest.FunSuite$class.runTest(FunSuite.scala:1271)&#13;
	at recfun.BalanceSuite.runTest(BalanceSuite.scala:9)&#13;
	at org.scalatest.FunSuite$$anonfun$runTests$1.apply(FunSuite.scala:1304)&#13;
	at org.scalatest.FunSuite$$anonfun$runTests$1.apply(FunSuite.scala:1304)&#13;
	at org.scalatest.SuperEngine$$anonfun$org$scalatest$SuperEngine$$runTestsInBranch$1.apply(Engine.scala:260)&#13;
	at org.scalatest.SuperEngine$$anonfun$org$scalatest$SuperEngine$$runTestsInBranch$1.apply(Engine.scala:249)&#13;
	at scala.collection.immutable.List.foreach(List.scala:318)&#13;
	at org.scalatest.SuperEngine.org$scalatest$SuperEngine$$runTestsInBranch(Engine.scala:249)&#13;
	at org.scalatest.SuperEngine.runTestsImpl(Engine.scala:326)&#13;
	at org.scalatest.FunSuite$class.runTests(FunSuite.scala:1304)&#13;
	at recfun.BalanceSuite.runTests(BalanceSuite.scala:9)&#13;
	at org.scalatest.Suite$class.run(Suite.scala:2303)&#13;
	at recfun.BalanceSuite.org$scalatest$FunSuite$$super$run(BalanceSuite.scala:9)&#13;
	at org.scalatest.FunSuite$$anonfun$run$1.apply(FunSuite.scala:1310)&#13;
	at org.scalatest.FunSuite$$anonfun$run$1.apply(FunSuite.scala:1310)&#13;
	at org.scalatest.SuperEngine.runImpl(Engine.scala:362)&#13;
	at org.scalatest.FunSuite$class.run(FunSuite.scala:1310)&#13;
	at recfun.BalanceSuite.run(BalanceSuite.scala:9)&#13;
	at org.scalatest.junit.JUnitRunner.run(JUnitRunner.scala:94)&#13;
	at org.eclipse.jdt.internal.junit4.runner.JUnit4TestReference.run(JUnit4TestReference.java:50)&#13;
	at org.eclipse.jdt.internal.junit.runner.TestExecution.run(TestExecution.java:38)&#13;
	at org.eclipse.jdt.internal.junit.runner.RemoteTestRunner.runTests(RemoteTestRunner.java:467)&#13;
	at org.eclipse.jdt.internal.junit.runner.RemoteTestRunner.runTests(RemoteTestRunner.java:683)&#13;
	at org.eclipse.jdt.internal.junit.runner.RemoteTestRunner.run(RemoteTestRunner.java:390)&#13;
	at org.eclipse.jdt.internal.junit.runner.RemoteTestRunner.main(RemoteTestRunner.java:197)&#13;
&#13;
</error>
    </testcase>
  </testsuite>
</testrun>
