<?xml version="1.0" encoding="UTF-8"?><testrun name="TweetSetSuite" project="objsets" tests="7" started="7" failures="0" errors="3" ignored="0">
  <testsuite name="objsets.TweetSetSuite" time="0.059">
    <testcase name="filter: on empty set" classname="objsets.TweetSetSuite" time="0.0"/>
    <testcase name="filter: a on set5" classname="objsets.TweetSetSuite" time="0.029">
      <error>org.scalatest.exceptions.TestFailedException: 0 did not equal 1&#13;
	at org.scalatest.Assertions$class.newAssertionFailedException(Assertions.scala:318)&#13;
	at objsets.TweetSetSuite.newAssertionFailedException(TweetSetSuite.scala:9)&#13;
	at org.scalatest.Assertions$class.assert(Assertions.scala:401)&#13;
	at objsets.TweetSetSuite.assert(TweetSetSuite.scala:9)&#13;
	at objsets.TweetSetSuite$$anonfun$2$$anon$2.&lt;init&gt;(TweetSetSuite.scala:37)&#13;
	at objsets.TweetSetSuite$$anonfun$2.apply$mcV$sp(TweetSetSuite.scala:36)&#13;
	at objsets.TweetSetSuite$$anonfun$2.apply(TweetSetSuite.scala:36)&#13;
	at objsets.TweetSetSuite$$anonfun$2.apply(TweetSetSuite.scala:36)&#13;
	at org.scalatest.FunSuite$$anon$1.apply(FunSuite.scala:1265)&#13;
	at org.scalatest.Suite$class.withFixture(Suite.scala:1974)&#13;
	at objsets.TweetSetSuite.withFixture(TweetSetSuite.scala:9)&#13;
	at org.scalatest.FunSuite$class.invokeWithFixture$1(FunSuite.scala:1262)&#13;
	at org.scalatest.FunSuite$$anonfun$runTest$1.apply(FunSuite.scala:1271)&#13;
	at org.scalatest.FunSuite$$anonfun$runTest$1.apply(FunSuite.scala:1271)&#13;
	at org.scalatest.SuperEngine.runTestImpl(Engine.scala:198)&#13;
	at org.scalatest.FunSuite$class.runTest(FunSuite.scala:1271)&#13;
	at objsets.TweetSetSuite.runTest(TweetSetSuite.scala:9)&#13;
	at org.scalatest.FunSuite$$anonfun$runTests$1.apply(FunSuite.scala:1304)&#13;
	at org.scalatest.FunSuite$$anonfun$runTests$1.apply(FunSuite.scala:1304)&#13;
	at org.scalatest.SuperEngine$$anonfun$org$scalatest$SuperEngine$$runTestsInBranch$1.apply(Engine.scala:260)&#13;
	at org.scalatest.SuperEngine$$anonfun$org$scalatest$SuperEngine$$runTestsInBranch$1.apply(Engine.scala:249)&#13;
	at scala.collection.immutable.List.foreach(List.scala:318)&#13;
	at org.scalatest.SuperEngine.org$scalatest$SuperEngine$$runTestsInBranch(Engine.scala:249)&#13;
	at org.scalatest.SuperEngine.runTestsImpl(Engine.scala:326)&#13;
	at org.scalatest.FunSuite$class.runTests(FunSuite.scala:1304)&#13;
	at objsets.TweetSetSuite.runTests(TweetSetSuite.scala:9)&#13;
	at org.scalatest.Suite$class.run(Suite.scala:2303)&#13;
	at objsets.TweetSetSuite.org$scalatest$FunSuite$$super$run(TweetSetSuite.scala:9)&#13;
	at org.scalatest.FunSuite$$anonfun$run$1.apply(FunSuite.scala:1310)&#13;
	at org.scalatest.FunSuite$$anonfun$run$1.apply(FunSuite.scala:1310)&#13;
	at org.scalatest.SuperEngine.runImpl(Engine.scala:362)&#13;
	at org.scalatest.FunSuite$class.run(FunSuite.scala:1310)&#13;
	at objsets.TweetSetSuite.run(TweetSetSuite.scala:9)&#13;
	at org.scalatest.junit.JUnitRunner.run(JUnitRunner.scala:94)&#13;
	at org.eclipse.jdt.internal.junit4.runner.JUnit4TestReference.run(JUnit4TestReference.java:50)&#13;
	at org.eclipse.jdt.internal.junit.runner.TestExecution.run(TestExecution.java:38)&#13;
	at org.eclipse.jdt.internal.junit.runner.RemoteTestRunner.runTests(RemoteTestRunner.java:467)&#13;
	at org.eclipse.jdt.internal.junit.runner.RemoteTestRunner.runTests(RemoteTestRunner.java:683)&#13;
	at org.eclipse.jdt.internal.junit.runner.RemoteTestRunner.run(RemoteTestRunner.java:390)&#13;
	at org.eclipse.jdt.internal.junit.runner.RemoteTestRunner.main(RemoteTestRunner.java:197)&#13;
&#13;
</error>
    </testcase>
    <testcase name="filter: 20 on set5" classname="objsets.TweetSetSuite" time="0.003">
      <error>org.scalatest.exceptions.TestFailedException: 0 did not equal 2&#13;
	at org.scalatest.Assertions$class.newAssertionFailedException(Assertions.scala:318)&#13;
	at objsets.TweetSetSuite.newAssertionFailedException(TweetSetSuite.scala:9)&#13;
	at org.scalatest.Assertions$class.assert(Assertions.scala:401)&#13;
	at objsets.TweetSetSuite.assert(TweetSetSuite.scala:9)&#13;
	at objsets.TweetSetSuite$$anonfun$3$$anon$3.&lt;init&gt;(TweetSetSuite.scala:43)&#13;
	at objsets.TweetSetSuite$$anonfun$3.apply$mcV$sp(TweetSetSuite.scala:42)&#13;
	at objsets.TweetSetSuite$$anonfun$3.apply(TweetSetSuite.scala:42)&#13;
	at objsets.TweetSetSuite$$anonfun$3.apply(TweetSetSuite.scala:42)&#13;
	at org.scalatest.FunSuite$$anon$1.apply(FunSuite.scala:1265)&#13;
	at org.scalatest.Suite$class.withFixture(Suite.scala:1974)&#13;
	at objsets.TweetSetSuite.withFixture(TweetSetSuite.scala:9)&#13;
	at org.scalatest.FunSuite$class.invokeWithFixture$1(FunSuite.scala:1262)&#13;
	at org.scalatest.FunSuite$$anonfun$runTest$1.apply(FunSuite.scala:1271)&#13;
	at org.scalatest.FunSuite$$anonfun$runTest$1.apply(FunSuite.scala:1271)&#13;
	at org.scalatest.SuperEngine.runTestImpl(Engine.scala:198)&#13;
	at org.scalatest.FunSuite$class.runTest(FunSuite.scala:1271)&#13;
	at objsets.TweetSetSuite.runTest(TweetSetSuite.scala:9)&#13;
	at org.scalatest.FunSuite$$anonfun$runTests$1.apply(FunSuite.scala:1304)&#13;
	at org.scalatest.FunSuite$$anonfun$runTests$1.apply(FunSuite.scala:1304)&#13;
	at org.scalatest.SuperEngine$$anonfun$org$scalatest$SuperEngine$$runTestsInBranch$1.apply(Engine.scala:260)&#13;
	at org.scalatest.SuperEngine$$anonfun$org$scalatest$SuperEngine$$runTestsInBranch$1.apply(Engine.scala:249)&#13;
	at scala.collection.immutable.List.foreach(List.scala:318)&#13;
	at org.scalatest.SuperEngine.org$scalatest$SuperEngine$$runTestsInBranch(Engine.scala:249)&#13;
	at org.scalatest.SuperEngine.runTestsImpl(Engine.scala:326)&#13;
	at org.scalatest.FunSuite$class.runTests(FunSuite.scala:1304)&#13;
	at objsets.TweetSetSuite.runTests(TweetSetSuite.scala:9)&#13;
	at org.scalatest.Suite$class.run(Suite.scala:2303)&#13;
	at objsets.TweetSetSuite.org$scalatest$FunSuite$$super$run(TweetSetSuite.scala:9)&#13;
	at org.scalatest.FunSuite$$anonfun$run$1.apply(FunSuite.scala:1310)&#13;
	at org.scalatest.FunSuite$$anonfun$run$1.apply(FunSuite.scala:1310)&#13;
	at org.scalatest.SuperEngine.runImpl(Engine.scala:362)&#13;
	at org.scalatest.FunSuite$class.run(FunSuite.scala:1310)&#13;
	at objsets.TweetSetSuite.run(TweetSetSuite.scala:9)&#13;
	at org.scalatest.junit.JUnitRunner.run(JUnitRunner.scala:94)&#13;
	at org.eclipse.jdt.internal.junit4.runner.JUnit4TestReference.run(JUnit4TestReference.java:50)&#13;
	at org.eclipse.jdt.internal.junit.runner.TestExecution.run(TestExecution.java:38)&#13;
	at org.eclipse.jdt.internal.junit.runner.RemoteTestRunner.runTests(RemoteTestRunner.java:467)&#13;
	at org.eclipse.jdt.internal.junit.runner.RemoteTestRunner.runTests(RemoteTestRunner.java:683)&#13;
	at org.eclipse.jdt.internal.junit.runner.RemoteTestRunner.run(RemoteTestRunner.java:390)&#13;
	at org.eclipse.jdt.internal.junit.runner.RemoteTestRunner.main(RemoteTestRunner.java:197)&#13;
&#13;
</error>
    </testcase>
    <testcase name="union: set4c and set4d" classname="objsets.TweetSetSuite" time="0.016"/>
    <testcase name="union: with empty set " classname="1" time="0.002"/>
    <testcase name="union: with empty set " classname="2" time="0.001"/>
    <testcase name="descending: set5" classname="objsets.TweetSetSuite" time="0.008">
      <error>scala.NotImplementedError: an implementation is missing&#13;
	at scala.Predef$.$qmark$qmark$qmark(Predef.scala:252)&#13;
	at objsets.TweetSet.descendingByRetweet(TweetSet.scala:82)&#13;
	at objsets.TweetSetSuite$$anonfun$7$$anon$7.&lt;init&gt;(TweetSetSuite.scala:67)&#13;
	at objsets.TweetSetSuite$$anonfun$7.apply$mcV$sp(TweetSetSuite.scala:66)&#13;
	at objsets.TweetSetSuite$$anonfun$7.apply(TweetSetSuite.scala:66)&#13;
	at objsets.TweetSetSuite$$anonfun$7.apply(TweetSetSuite.scala:66)&#13;
	at org.scalatest.FunSuite$$anon$1.apply(FunSuite.scala:1265)&#13;
	at org.scalatest.Suite$class.withFixture(Suite.scala:1974)&#13;
	at objsets.TweetSetSuite.withFixture(TweetSetSuite.scala:9)&#13;
	at org.scalatest.FunSuite$class.invokeWithFixture$1(FunSuite.scala:1262)&#13;
	at org.scalatest.FunSuite$$anonfun$runTest$1.apply(FunSuite.scala:1271)&#13;
	at org.scalatest.FunSuite$$anonfun$runTest$1.apply(FunSuite.scala:1271)&#13;
	at org.scalatest.SuperEngine.runTestImpl(Engine.scala:198)&#13;
	at org.scalatest.FunSuite$class.runTest(FunSuite.scala:1271)&#13;
	at objsets.TweetSetSuite.runTest(TweetSetSuite.scala:9)&#13;
	at org.scalatest.FunSuite$$anonfun$runTests$1.apply(FunSuite.scala:1304)&#13;
	at org.scalatest.FunSuite$$anonfun$runTests$1.apply(FunSuite.scala:1304)&#13;
	at org.scalatest.SuperEngine$$anonfun$org$scalatest$SuperEngine$$runTestsInBranch$1.apply(Engine.scala:260)&#13;
	at org.scalatest.SuperEngine$$anonfun$org$scalatest$SuperEngine$$runTestsInBranch$1.apply(Engine.scala:249)&#13;
	at scala.collection.immutable.List.foreach(List.scala:318)&#13;
	at org.scalatest.SuperEngine.org$scalatest$SuperEngine$$runTestsInBranch(Engine.scala:249)&#13;
	at org.scalatest.SuperEngine.runTestsImpl(Engine.scala:326)&#13;
	at org.scalatest.FunSuite$class.runTests(FunSuite.scala:1304)&#13;
	at objsets.TweetSetSuite.runTests(TweetSetSuite.scala:9)&#13;
	at org.scalatest.Suite$class.run(Suite.scala:2303)&#13;
	at objsets.TweetSetSuite.org$scalatest$FunSuite$$super$run(TweetSetSuite.scala:9)&#13;
	at org.scalatest.FunSuite$$anonfun$run$1.apply(FunSuite.scala:1310)&#13;
	at org.scalatest.FunSuite$$anonfun$run$1.apply(FunSuite.scala:1310)&#13;
	at org.scalatest.SuperEngine.runImpl(Engine.scala:362)&#13;
	at org.scalatest.FunSuite$class.run(FunSuite.scala:1310)&#13;
	at objsets.TweetSetSuite.run(TweetSetSuite.scala:9)&#13;
	at org.scalatest.junit.JUnitRunner.run(JUnitRunner.scala:94)&#13;
	at org.eclipse.jdt.internal.junit4.runner.JUnit4TestReference.run(JUnit4TestReference.java:50)&#13;
	at org.eclipse.jdt.internal.junit.runner.TestExecution.run(TestExecution.java:38)&#13;
	at org.eclipse.jdt.internal.junit.runner.RemoteTestRunner.runTests(RemoteTestRunner.java:467)&#13;
	at org.eclipse.jdt.internal.junit.runner.RemoteTestRunner.runTests(RemoteTestRunner.java:683)&#13;
	at org.eclipse.jdt.internal.junit.runner.RemoteTestRunner.run(RemoteTestRunner.java:390)&#13;
	at org.eclipse.jdt.internal.junit.runner.RemoteTestRunner.main(RemoteTestRunner.java:197)&#13;
&#13;
</error>
    </testcase>
  </testsuite>
</testrun>
